<?xml version="1.0" encoding="UTF-8"?>
<!-- Generated by org.testng.reporters.JUnitReportReporter -->
<testsuite hostname="DESKTOP-K7J2E45" failures="0" tests="1" name="com.sauceDemo.TestLayer.LoginTest" time="28.367" errors="0" timestamp="2023-10-02T13:53:25 IST" skipped="0">
  <testcase classname="com.sauceDemo.TestLayer.LoginTest" name="loginTestWithValidCredential" time="28.367"/>
</testsuite> <!-- com.sauceDemo.TestLayer.LoginTest -->
